<?xml version="1.0" encoding="UTF-8"?>
<testsuite xmlns:xsi="http://www.w3.org/2001/XMLSchema-instance" xsi:noNamespaceSchemaLocation="https://maven.apache.org/surefire/maven-surefire-plugin/xsd/surefire-test-report.xsd" name="nl.quintor.solitaire.game.moves.QuitMoveSpec" time="0.021" tests="2" errors="0" skipped="0" failures="0">
  <properties>
[...]
</properties>
  <testcase name="When quit move is called move return &quot;Game over&quot; and gamestate.gameLost is true" classname="nl.quintor.solitaire.game.moves.QuitMoveSpec" time="0"/>
  <testcase name="Quit toString method should return &quot;Q̲uit&quot;" classname="nl.quintor.solitaire.game.moves.QuitMoveSpec" time="0.002"/>
</testsuite>