<?xml version="1.0" encoding="UTF-8"?>
<testsuite xmlns:xsi="http://www.w3.org/2001/XMLSchema-instance" xsi:noNamespaceSchemaLocation="https://maven.apache.org/surefire/maven-surefire-plugin/xsd/surefire-test-report.xsd" name="nl.quintor.solitaire.game.GameStateControllerSpec" time="0.064" tests="11" errors="0" skipped="0" failures="5">
  <properties>
[...]
</properties>
  <testcase name="init should create a valid game state" classname="nl.quintor.solitaire.game.GameStateControllerSpec" time="0.002">
    <failure message="Condition not satisfied:&#10;&#10;stock.size() == 1&#10;|     |      |&#10;[]    0      false&#10;" type="org.spockframework.runtime.SpockComparisonFailure">org.spockframework.runtime.SpockComparisonFailure: 
Condition not satisfied:

stock.size() == 1
|     |      |
[]    0      false

	at nl.quintor.solitaire.game.GameStateControllerSpec.init should create a valid game state_closure1(GameStateControllerSpec.groovy:27)
	at nl.quintor.solitaire.game.GameStateControllerSpec.init should create a valid game state(GameStateControllerSpec.groovy:26)
</failure>
  </testcase>
  <testcase name="Win detection should return false when testing: New game" classname="nl.quintor.solitaire.game.GameStateControllerSpec" time="0"/>
  <testcase name="Win detection should return false when testing: Empty stock and waste but invisible cards left in columns" classname="nl.quintor.solitaire.game.GameStateControllerSpec" time="0"/>
  <testcase name="Win detection should return true when testing: Empty stock and waste but visible cards left in columns" classname="nl.quintor.solitaire.game.GameStateControllerSpec" time="0.004">
    <failure message="Condition not satisfied:&#10;&#10;gameState.isGameWon() == expectedResult&#10;|         |           |  |&#10;|         false       |  true&#10;|                     false&#10;0 move(s) played in 00:00:00 for 0 points&#10;" type="org.spockframework.runtime.SpockComparisonFailure">org.spockframework.runtime.SpockComparisonFailure: 
Condition not satisfied:

gameState.isGameWon() == expectedResult
|         |           |  |
|         false       |  true
|                     false
0 move(s) played in 00:00:00 for 0 points

	at nl.quintor.solitaire.game.GameStateControllerSpec.Win detection should return #expectedResult when testing: #testCase(GameStateControllerSpec.groovy:80)
</failure>
  </testcase>
  <testcase name="A bonus should be given of 0 when testing: Game less than 30 seconds" classname="nl.quintor.solitaire.game.GameStateControllerSpec" time="0"/>
  <testcase name="A bonus should be given of 0 when testing: Game exactly 30 seconds" classname="nl.quintor.solitaire.game.GameStateControllerSpec" time="0.001"/>
  <testcase name="A bonus should be given of 22580 when testing: Game exactly 31 seconds" classname="nl.quintor.solitaire.game.GameStateControllerSpec" time="0.001"/>
  <testcase name="A bonus should be given of 1400 when testing: Game of 500 seconds" classname="nl.quintor.solitaire.game.GameStateControllerSpec" time="0"/>
  <testcase name="A penalty should be applied of -4 based on a game duration of 29" classname="nl.quintor.solitaire.game.GameStateControllerSpec" time="0.003">
    <failure message="Condition not satisfied:&#10;&#10;gameState.timeScore == expectedPenalty&#10;|         |         |  |&#10;|         0         |  -4&#10;|                   false&#10;0 move(s) played in 00:00:29 for 0 points&#10;" type="org.spockframework.runtime.SpockComparisonFailure">org.spockframework.runtime.SpockComparisonFailure: 
Condition not satisfied:

gameState.timeScore == expectedPenalty
|         |         |  |
|         0         |  -4
|                   false
0 move(s) played in 00:00:29 for 0 points

	at nl.quintor.solitaire.game.GameStateControllerSpec.A penalty should be applied of #expectedPenalty based on a game duration of #duration(GameStateControllerSpec.groovy:105)
</failure>
  </testcase>
  <testcase name="A penalty should be applied of -6 based on a game duration of 30" classname="nl.quintor.solitaire.game.GameStateControllerSpec" time="0.002">
    <failure message="Condition not satisfied:&#10;&#10;gameState.timeScore == expectedPenalty&#10;|         |         |  |&#10;|         0         |  -6&#10;|                   false&#10;0 move(s) played in 00:00:30 for 0 points&#10;" type="org.spockframework.runtime.SpockComparisonFailure">org.spockframework.runtime.SpockComparisonFailure: 
Condition not satisfied:

gameState.timeScore == expectedPenalty
|         |         |  |
|         0         |  -6
|                   false
0 move(s) played in 00:00:30 for 0 points

	at nl.quintor.solitaire.game.GameStateControllerSpec.A penalty should be applied of #expectedPenalty based on a game duration of #duration(GameStateControllerSpec.groovy:105)
</failure>
  </testcase>
  <testcase name="A penalty should be applied of -100 based on a game duration of 500" classname="nl.quintor.solitaire.game.GameStateControllerSpec" time="0.004">
    <failure message="Condition not satisfied:&#10;&#10;gameState.timeScore == expectedPenalty&#10;|         |         |  |&#10;|         0         |  -100&#10;|                   false&#10;0 move(s) played in 00:08:20 for 0 points&#10;" type="org.spockframework.runtime.SpockComparisonFailure">org.spockframework.runtime.SpockComparisonFailure: 
Condition not satisfied:

gameState.timeScore == expectedPenalty
|         |         |  |
|         0         |  -100
|                   false
0 move(s) played in 00:08:20 for 0 points

	at nl.quintor.solitaire.game.GameStateControllerSpec.A penalty should be applied of #expectedPenalty based on a game duration of #duration(GameStateControllerSpec.groovy:105)
</failure>
  </testcase>
</testsuite>