<?xml version="1.0" encoding="UTF-8"?>
<testsuite xmlns:xsi="http://www.w3.org/2001/XMLSchema-instance" xsi:noNamespaceSchemaLocation="https://maven.apache.org/surefire/maven-surefire-plugin/xsd/surefire-test-report.xsd" name="nl.quintor.solitaire.game.moves.CycleStockSpec" time="0.284" tests="7" errors="0" skipped="0" failures="7">
  <properties>
[...]
</properties>
  <testcase name="Testing Cycle with empty stock and waste" classname="nl.quintor.solitaire.game.moves.CycleStockSpec" time="0.005">
    <failure message="Expected exception of type &apos;nl.quintor.solitaire.game.moves.ex.MoveException&apos;, but no exception was thrown" type="org.spockframework.runtime.WrongExceptionThrownError">org.spockframework.runtime.WrongExceptionThrownError: Expected exception of type 'nl.quintor.solitaire.game.moves.ex.MoveException', but no exception was thrown
	at nl.quintor.solitaire.game.moves.CycleStockSpec.Testing Cycle with empty stock and waste(CycleStockSpec.groovy:37)
</failure>
  </testcase>
  <testcase name="Testing Cycle with empty waste" classname="nl.quintor.solitaire.game.moves.CycleStockSpec" time="0.029">
    <failure message="Condition not satisfied:&#10;&#10;gameState.stockCycles == 1&#10;|         |           |&#10;|         0           false&#10;0 move(s) played in 00:00:00 for 0 points&#10;" type="org.spockframework.runtime.SpockComparisonFailure">org.spockframework.runtime.SpockComparisonFailure: 
Condition not satisfied:

gameState.stockCycles == 1
|         |           |
|         0           false
0 move(s) played in 00:00:00 for 0 points

	at nl.quintor.solitaire.game.moves.CycleStockSpec.Testing Cycle with empty waste(CycleStockSpec.groovy:48)
</failure>
  </testcase>
  <testcase name="Testing Cycle with empty waste and multiple cards in stock" classname="nl.quintor.solitaire.game.moves.CycleStockSpec" time="0.004">
    <failure message="Condition not satisfied:&#10;&#10;gameState.stockCycles == 1&#10;|         |           |&#10;|         0           false&#10;0 move(s) played in 00:00:00 for 0 points&#10;" type="org.spockframework.runtime.SpockComparisonFailure">org.spockframework.runtime.SpockComparisonFailure: 
Condition not satisfied:

gameState.stockCycles == 1
|         |           |
|         0           false
0 move(s) played in 00:00:00 for 0 points

	at nl.quintor.solitaire.game.moves.CycleStockSpec.Testing Cycle with empty waste and multiple cards in stock(CycleStockSpec.groovy:61)
</failure>
  </testcase>
  <testcase name="Given a stock having: [CLUBS ACE] and a waste having: [] cycling 1 times should result in stock having: [CLUBS ACE]&#10;         waste having: [] and cycle count of 1" classname="nl.quintor.solitaire.game.moves.CycleStockSpec" time="0.149">
    <failure message="Condition not satisfied:&#10;&#10;gameState.stockCycles == cycleCount&#10;|         |           |  |&#10;|         0           |  1&#10;|                     false&#10;0 move(s) played in 00:00:00 for 0 points&#10;" type="org.spockframework.runtime.SpockComparisonFailure">org.spockframework.runtime.SpockComparisonFailure: 
Condition not satisfied:

gameState.stockCycles == cycleCount
|         |           |  |
|         0           |  1
|                     false
0 move(s) played in 00:00:00 for 0 points

	at nl.quintor.solitaire.game.moves.CycleStockSpec.Given a stock having: #stock and a waste having: #waste cycling #cyclingTimes times should result in stock having: #resultingStock
         waste having: #resultingWaste and cycle count of #cycleCount(CycleStockSpec.groovy:82)
</failure>
  </testcase>
  <testcase name="Given a stock having: [CLUBS ACE] and a waste having: [CLUBS TWO] cycling 1 times should result in stock having: [CLUBS ACE, CLUBS TWO]&#10;         waste having: [] and cycle count of 0" classname="nl.quintor.solitaire.game.moves.CycleStockSpec" time="0.009">
    <failure message="Condition failed with Exception:&#10;&#10;assertThat(gameState.stock).containsExactly(resultingStock.toArray())&#10;|          |         |      |               |              |&#10;|          |         |      |               |              [CLUBS ACE, CLUBS TWO]&#10;|          |         |      |               [CLUBS ACE, CLUBS TWO]&#10;|          |         |      java.lang.AssertionError: &#10;|          |         |      Actual and expected should have same size but actual size was:&#10;|          |         |        &lt;1&gt;&#10;|          |         |      while expected size was:&#10;|          |         |        &lt;2&gt;&#10;|          |         |      Actual was:&#10;|          |         |        &lt;[CLUBS ACE]&gt;&#10;|          |         |      Expected was:&#10;|          |         |        &lt;[CLUBS ACE, CLUBS TWO]&gt;&#10;|          |         [CLUBS ACE]&#10;|          0 move(s) played in 00:00:00 for 0 points&#10;org.assertj.core.api.ListAssert@1&#10;" type="org.spockframework.runtime.ConditionFailedWithExceptionError"><![CDATA[org.spockframework.runtime.ConditionFailedWithExceptionError: 
Condition failed with Exception:

assertThat(gameState.stock).containsExactly(resultingStock.toArray())
|          |         |      |               |              |
|          |         |      |               |              [CLUBS ACE, CLUBS TWO]
|          |         |      |               [CLUBS ACE, CLUBS TWO]
|          |         |      java.lang.AssertionError: 
|          |         |      Actual and expected should have same size but actual size was:
|          |         |        <1>
|          |         |      while expected size was:
|          |         |        <2>
|          |         |      Actual was:
|          |         |        <[CLUBS ACE]>
|          |         |      Expected was:
|          |         |        <[CLUBS ACE, CLUBS TWO]>
|          |         [CLUBS ACE]
|          0 move(s) played in 00:00:00 for 0 points
org.assertj.core.api.ListAssert@1

	at nl.quintor.solitaire.game.moves.CycleStockSpec.Given a stock having: #stock and a waste having: #waste cycling #cyclingTimes times should result in stock having: #resultingStock
         waste having: #resultingWaste and cycle count of #cycleCount(CycleStockSpec.groovy:80)
Caused by: java.lang.AssertionError: 

Actual and expected should have same size but actual size was:
  <1>
while expected size was:
  <2>
Actual was:
  <[CLUBS ACE]>
Expected was:
  <[CLUBS ACE, CLUBS TWO]>

	at nl.quintor.solitaire.game.moves.CycleStockSpec.Given a stock having: #stock and a waste having: #waste cycling #cyclingTimes times should result in stock having: #resultingStock
         waste having: #resultingWaste and cycle count of #cycleCount(CycleStockSpec.groovy:80)
]]></failure>
  </testcase>
  <testcase name="Given a stock having: [CLUBS ACE, CLUBS TWO] and a waste having: [] cycling 2 times should result in stock having: [CLUBS ACE, CLUBS TWO]&#10;         waste having: [] and cycle count of 1" classname="nl.quintor.solitaire.game.moves.CycleStockSpec" time="0.003">
    <failure message="Condition not satisfied:&#10;&#10;gameState.stockCycles == cycleCount&#10;|         |           |  |&#10;|         0           |  1&#10;|                     false&#10;0 move(s) played in 00:00:00 for 0 points&#10;" type="org.spockframework.runtime.SpockComparisonFailure">org.spockframework.runtime.SpockComparisonFailure: 
Condition not satisfied:

gameState.stockCycles == cycleCount
|         |           |  |
|         0           |  1
|                     false
0 move(s) played in 00:00:00 for 0 points

	at nl.quintor.solitaire.game.moves.CycleStockSpec.Given a stock having: #stock and a waste having: #waste cycling #cyclingTimes times should result in stock having: #resultingStock
         waste having: #resultingWaste and cycle count of #cycleCount(CycleStockSpec.groovy:82)
</failure>
  </testcase>
  <testcase name="Given a stock having: [] and a waste having: [CLUBS ACE, CLUBS TWO] cycling 1 times should result in stock having: [CLUBS ACE]&#10;         waste having: [CLUBS TWO] and cycle count of 0" classname="nl.quintor.solitaire.game.moves.CycleStockSpec" time="0.005">
    <failure message="Condition failed with Exception:&#10;&#10;assertThat(gameState.stock).containsExactly(resultingStock.toArray())&#10;|          |         |      |               |              |&#10;|          |         []     |               [CLUBS ACE]    [CLUBS ACE]&#10;|          |                java.lang.AssertionError: &#10;|          |                Actual and expected should have same size but actual size was:&#10;|          |                  &lt;0&gt;&#10;|          |                while expected size was:&#10;|          |                  &lt;1&gt;&#10;|          |                Actual was:&#10;|          |                  &lt;[]&gt;&#10;|          |                Expected was:&#10;|          |                  &lt;[CLUBS ACE]&gt;&#10;|          0 move(s) played in 00:00:00 for 0 points&#10;org.assertj.core.api.ListAssert@1&#10;" type="org.spockframework.runtime.ConditionFailedWithExceptionError"><![CDATA[org.spockframework.runtime.ConditionFailedWithExceptionError: 
Condition failed with Exception:

assertThat(gameState.stock).containsExactly(resultingStock.toArray())
|          |         |      |               |              |
|          |         []     |               [CLUBS ACE]    [CLUBS ACE]
|          |                java.lang.AssertionError: 
|          |                Actual and expected should have same size but actual size was:
|          |                  <0>
|          |                while expected size was:
|          |                  <1>
|          |                Actual was:
|          |                  <[]>
|          |                Expected was:
|          |                  <[CLUBS ACE]>
|          0 move(s) played in 00:00:00 for 0 points
org.assertj.core.api.ListAssert@1

	at nl.quintor.solitaire.game.moves.CycleStockSpec.Given a stock having: #stock and a waste having: #waste cycling #cyclingTimes times should result in stock having: #resultingStock
         waste having: #resultingWaste and cycle count of #cycleCount(CycleStockSpec.groovy:80)
Caused by: java.lang.AssertionError: 

Actual and expected should have same size but actual size was:
  <0>
while expected size was:
  <1>
Actual was:
  <[]>
Expected was:
  <[CLUBS ACE]>

	at nl.quintor.solitaire.game.moves.CycleStockSpec.Given a stock having: #stock and a waste having: #waste cycling #cyclingTimes times should result in stock having: #resultingStock
         waste having: #resultingWaste and cycle count of #cycleCount(CycleStockSpec.groovy:80)
]]></failure>
  </testcase>
</testsuite>