<?xml version="1.0" encoding="UTF-8"?>
<testsuite xmlns:xsi="http://www.w3.org/2001/XMLSchema-instance" xsi:noNamespaceSchemaLocation="https://maven.apache.org/surefire/maven-surefire-plugin/xsd/surefire-test-report.xsd" name="nl.quintor.solitaire.game.moves.RevertMoveSpec" time="0.039" tests="5" errors="4" skipped="0" failures="1">
  <properties>
[...]
</properties>
  <testcase name="Revert move should throw MoveException when no previous moves have been played" classname="nl.quintor.solitaire.game.moves.RevertMoveSpec" time="0.002">
    <failure message="Expected exception of type &apos;nl.quintor.solitaire.game.moves.ex.MoveException&apos;, but no exception was thrown" type="org.spockframework.runtime.WrongExceptionThrownError">org.spockframework.runtime.WrongExceptionThrownError: Expected exception of type 'nl.quintor.solitaire.game.moves.ex.MoveException', but no exception was thrown
	at nl.quintor.solitaire.game.moves.RevertMoveSpec.Revert move should throw MoveException when no previous moves have been played(RevertMoveSpec.groovy:18)
</failure>
  </testcase>
  <testcase name="Given a game with one move played move can be reverted" classname="nl.quintor.solitaire.game.moves.RevertMoveSpec" time="0.002">
    <error message="Cannot invoke method add() on null object" type="java.lang.NullPointerException">java.lang.NullPointerException: Cannot invoke method add() on null object
	at nl.quintor.solitaire.game.moves.RevertMoveSpec.Given a game with one move played move can be reverted(RevertMoveSpec.groovy:24)
</error>
  </testcase>
  <testcase name="Given a game with zero move played cycle one time, cycle can be reverted" classname="nl.quintor.solitaire.game.moves.RevertMoveSpec" time="0.002">
    <error message="Cannot invoke method add() on null object" type="java.lang.NullPointerException">java.lang.NullPointerException: Cannot invoke method add() on null object
	at nl.quintor.solitaire.game.moves.RevertMoveSpec.Given a game with zero move played cycle one time, cycle can be reverted(RevertMoveSpec.groovy:39)
</error>
  </testcase>
  <testcase name="Given a waste with one card cycle count is resetted and cards are back to waste" classname="nl.quintor.solitaire.game.moves.RevertMoveSpec" time="0.002">
    <error message="Cannot invoke method add() on null object" type="java.lang.NullPointerException">java.lang.NullPointerException: Cannot invoke method add() on null object
	at nl.quintor.solitaire.game.moves.RevertMoveSpec.Given a waste with one card cycle count is resetted and cards are back to waste(RevertMoveSpec.groovy:55)
</error>
  </testcase>
  <testcase name="Given a game with multiple moves played last move can be reverted" classname="nl.quintor.solitaire.game.moves.RevertMoveSpec" time="0.002">
    <error message="Cannot invoke method add() on null object" type="java.lang.NullPointerException">java.lang.NullPointerException: Cannot invoke method add() on null object
	at nl.quintor.solitaire.game.moves.RevertMoveSpec.Given a game with multiple moves played last move can be reverted(RevertMoveSpec.groovy:76)
</error>
  </testcase>
</testsuite>