<?xml version="1.0" encoding="UTF-8"?>
<testsuite xmlns:xsi="http://www.w3.org/2001/XMLSchema-instance" xsi:noNamespaceSchemaLocation="https://maven.apache.org/surefire/maven-surefire-plugin/xsd/surefire-test-report.xsd" name="nl.quintor.solitaire.ui.cli.GameStateParserSpec" time="1.444" tests="8" errors="2" skipped="0" failures="3">
  <properties>
[...]
</properties>
  <testcase name="PadNAdd should add padding with testcase : pad string of lenght of 0" classname="nl.quintor.solitaire.ui.cli.GameStateParserSpec" time="0.086">
    <failure message="Condition not satisfied:&#10;&#10;builder.toString() == expectedResult&#10;|       |          |  |&#10;|       &quot;&quot;         |                      &#10;|                  false&#10;|                  20 differences (0% similarity)&#10;|                  (--------------------)&#10;|                  (                    )&#10;java.lang.StringBuilder@666b83a4&#10;" type="org.spockframework.runtime.SpockComparisonFailure">org.spockframework.runtime.SpockComparisonFailure: 
Condition not satisfied:

builder.toString() == expectedResult
|       |          |  |
|       ""         |                      
|                  false
|                  20 differences (0% similarity)
|                  (--------------------)
|                  (                    )
java.lang.StringBuilder@666b83a4

	at nl.quintor.solitaire.ui.cli.GameStateParserSpec.PadNAdd should add padding with testcase : #testCase(GameStateParserSpec.groovy:21)
</failure>
    <system-err><![CDATA[[main] WARN com.athaydes.spockframework.report.SpockReportExtension - Got configuration from Spock: com.athaydes.spockframework.report.internal.SpockReportsConfiguration([:])
[main] INFO com.athaydes.spockframework.report.internal.ConfigLoader - SpockReports config loaded: {com.athaydes.spockframework.report.projectVersion=Unknown, com.athaydes.spockframework.report.template.TemplateReportCreator.enabled=true, com.athaydes.spockframework.report.internal.HtmlReportCreator.printThrowableStackTrace=false, com.athaydes.spockframework.report.template.TemplateReportCreator.specTemplateFile=/templateReportCreator/spec-template.md, com.athaydes.spockframework.report.template.TemplateReportCreator.reportFileExtension=md, com.athaydes.spockframework.report.hideEmptyBlocks=false, com.athaydes.spockframework.report.template.TemplateReportCreator.summaryTemplateFile=/templateReportCreator/summary-template.md, com.athaydes.spockframework.report.template.TemplateReportCreator.summaryFileName=summary.md, com.athaydes.spockframework.report.internal.HtmlReportCreator.enabled=true, com.athaydes.spockframework.report.outputDir=build/spock-reports, com.athaydes.spockframework.report.projectName=, com.athaydes.spockframework.report.showCodeBlocks=false, com.athaydes.spockframework.report.internal.HtmlReportCreator.inlineCss=true, com.athaydes.spockframework.report.internal.HtmlReportCreator.featureReportCss=spock-feature-report.css, com.athaydes.spockframework.report.testSourceRoots=src/test/groovy, com.athaydes.spockframework.report.internal.HtmlReportCreator.summaryReportCss=spock-summary-report.css, com.athaydes.spockframework.report.internal.HtmlReportCreator.excludeToc=false, com.athaydes.spockframework.report.IReportCreator=com.athaydes.spockframework.report.internal.HtmlReportCreator}
]]></system-err>
  </testcase>
  <testcase name="PadNAdd should add padding with testcase : pad string of lenght of 1" classname="nl.quintor.solitaire.ui.cli.GameStateParserSpec" time="0.009"/>
  <testcase name="PadNAdd should add padding with testcase : pad string of lenght greater then 1" classname="nl.quintor.solitaire.ui.cli.GameStateParserSpec" time="0.004">
    <failure message="Condition not satisfied:&#10;&#10;builder.toString() == expectedResult&#10;|       |          |  |&#10;|       &quot;&quot;         |  abc                 &#10;|                  false&#10;|                  20 differences (0% similarity)&#10;|                  (--------------------)&#10;|                  (abc                 )&#10;java.lang.StringBuilder@6e1d8f9e&#10;" type="org.spockframework.runtime.SpockComparisonFailure">org.spockframework.runtime.SpockComparisonFailure: 
Condition not satisfied:

builder.toString() == expectedResult
|       |          |  |
|       ""         |  abc                 
|                  false
|                  20 differences (0% similarity)
|                  (--------------------)
|                  (abc                 )
java.lang.StringBuilder@6e1d8f9e

	at nl.quintor.solitaire.ui.cli.GameStateParserSpec.PadNAdd should add padding with testcase : #testCase(GameStateParserSpec.groovy:21)
</failure>
  </testcase>
  <testcase name="cardStringOrNull should return null when testing : Should return null when input deck is empty" classname="nl.quintor.solitaire.ui.cli.GameStateParserSpec" time="0.001"/>
  <testcase name="cardStringOrNull should return null when testing : Should return null when index is invalid" classname="nl.quintor.solitaire.ui.cli.GameStateParserSpec" time="0.001"/>
  <testcase name="cardStringOrNull should return ♦ 3 when testing : Should return ♦ 3 whith valid index pointing to card" classname="nl.quintor.solitaire.ui.cli.GameStateParserSpec" time="0.004">
    <failure message="Condition not satisfied:&#10;&#10;result == expectedResult&#10;|      |  |&#10;|      |  ♦ 3&#10;|      false&#10;|      13 differences (7% similarity)&#10;|      (DIAMONDS) (THREE)&#10;|      (♦-------) (3----)&#10;DIAMONDS THREE&#10;" type="org.spockframework.runtime.SpockComparisonFailure">org.spockframework.runtime.SpockComparisonFailure: 
Condition not satisfied:

result == expectedResult
|      |  |
|      |  ♦ 3
|      false
|      13 differences (7% similarity)
|      (DIAMONDS) (THREE)
|      (♦-------) (3----)
DIAMONDS THREE

	at nl.quintor.solitaire.ui.cli.GameStateParserSpec.cardStringOrNull should return #expectedResult when testing : #testCase(GameStateParserSpec.groovy:33)
</failure>
  </testcase>
  <testcase name="printRow should return #expectedResult when testing: #testCase" classname="nl.quintor.solitaire.ui.cli.GameStateParserSpec" time="0.012">
    <error message="(class: java_util_stream_IntStream$range, method: callStatic signature: (Ljava/lang/Class;[Ljava/lang/Object;)Ljava/lang/Object;) Illegal type in constant pool" type="java.lang.VerifyError">java.lang.VerifyError: (class: java_util_stream_IntStream$range, method: callStatic signature: (Ljava/lang/Class;[Ljava/lang/Object;)Ljava/lang/Object;) Illegal type in constant pool
	at nl.quintor.solitaire.ui.cli.GameStateParserSpec.printRow should return #expectedResult when testing: #testCase(GameStateParserSpec.groovy:51)
</error>
  </testcase>
  <testcase name="parseGameState should return a string representation of the game state for a new game" classname="nl.quintor.solitaire.ui.cli.GameStateParserSpec" time="0.034">
    <error message="Cannot invoke method add() on null object" type="java.lang.NullPointerException">java.lang.NullPointerException: Cannot invoke method add() on null object
	at nl.quintor.solitaire.ui.cli.GameStateParserSpec.parseGameState should return a string representation of the game state for a new game(GameStateParserSpec.groovy:60)
</error>
  </testcase>
</testsuite>